#
# A fatal error has been detected by the Java Runtime Environment:
#
#  Internal Error (javaClasses.cpp:129), pid=4612, tid=2652
#  fatal error: Invalid layout of preloaded class
#
# JRE version: 7.0_25-b17
# Java VM: Java HotSpot(TM) 64-Bit Server VM (23.25-b01 mixed mode windows-amd64 compressed oops)
# Failed to write core dump. Minidumps are not enabled by default on client versions of Windows
#
# If you would like to submit a bug report, please visit:
#   http://bugreport.sun.com/bugreport/crash.jsp
#

---------------  T H R E A D  ---------------

Current thread (0x0000000002ade000):  JavaThread "Unknown thread" [_thread_in_vm, id=2652, stack(0x0000000002ae0000,0x0000000002be0000)]

Stack: [0x0000000002ae0000,0x0000000002be0000]

---------------  P R O C E S S  ---------------

Java Threads: ( => current thread )

Other Threads:

=>0x0000000002ade000 (exited) JavaThread "Unknown thread" [_thread_in_vm, id=2652, stack(0x0000000002ae0000,0x0000000002be0000)]

VM state:not at safepoint (not fully initialized)

VM Mutex/Monitor currently owned by a thread: None

GC Heap History (0 events):
No events

Deoptimization events (0 events):
No events

Internal exceptions (0 events):
No events

Events (10 events):
Event: 0.012 loading class 0x0000000002bf3cf0 done
Event: 0.012 loading class 0x0000000002bf3690 done
Event: 0.012 loading class 0x0000000002bf3c60
Event: 0.012 loading class 0x0000000002c2f730
Event: 0.012 loading class 0x0000000002c2f730 done
Event: 0.012 loading class 0x0000000002c2fc70
Event: 0.012 loading class 0x0000000002c2fc70 done
Event: 0.012 loading class 0x000000000baa2a40
Event: 0.012 loading class 0x000000000baa2a40 done
Event: 0.013 loading class 0x0000000002bf3c60 done


Dynamic libraries:
0x000007f66d240000 - 0x000007f66d273000 	C:\Program Files\Java\jre7\bin\javaw.exe
0x000007f886a60000 - 0x000007f886c20000 	C:\windows\SYSTEM32\ntdll.dll
0x000007f883e50000 - 0x000007f883f86000 	C:\windows\system32\KERNEL32.DLL
0x000007f883ac0000 - 0x000007f883bb3000 	C:\windows\system32\KERNELBASE.dll
0x000007f885c30000 - 0x000007f885d0e000 	C:\windows\system32\ADVAPI32.dll
0x000007f8863e0000 - 0x000007f88652c000 	C:\windows\system32\USER32.dll
0x000007f880700000 - 0x000007f88096a000 	C:\windows\WinSxS\amd64_microsoft.windows.common-controls_6595b64144ccf1df_6.0.9200.16579_none_418ab7ef718b27ef\COMCTL32.dll
0x000007f885580000 - 0x000007f885625000 	C:\windows\system32\msvcrt.dll
0x000007f885930000 - 0x000007f885978000 	C:\windows\SYSTEM32\sechost.dll
0x000007f886220000 - 0x000007f886365000 	C:\windows\system32\RPCRT4.dll
0x000007f886860000 - 0x000007f8869a1000 	C:\windows\system32\GDI32.dll
0x000007f885750000 - 0x000007f885789000 	C:\windows\system32\IMM32.DLL
0x000007f885630000 - 0x000007f885746000 	C:\windows\system32\MSCTF.dll
0x0000000075fc0000 - 0x0000000076091000 	C:\Program Files\Java\jre7\bin\msvcr100.dll
0x00000000758b0000 - 0x0000000075fbf000 	C:\Program Files\Java\jre7\bin\server\jvm.dll
0x000007f876260000 - 0x000007f876269000 	C:\windows\SYSTEM32\WSOCK32.dll
0x000007f87a240000 - 0x000007f87a260000 	C:\windows\SYSTEM32\WINMM.dll
0x000007f8854a0000 - 0x000007f8854a7000 	C:\windows\system32\PSAPI.DLL
0x000007f8853d0000 - 0x000007f885428000 	C:\windows\system32\WS2_32.dll
0x000007f87a200000 - 0x000007f87a233000 	C:\windows\SYSTEM32\WINMMBASE.dll
0x000007f886a50000 - 0x000007f886a59000 	C:\windows\system32\NSI.dll
0x000007f883da0000 - 0x000007f883def000 	C:\windows\SYSTEM32\cfgmgr32.dll
0x000007f883a90000 - 0x000007f883ab2000 	C:\windows\system32\DEVOBJ.dll
0x00000000758a0000 - 0x00000000758af000 	C:\Program Files\Java\jre7\bin\verify.dll
0x0000000075870000 - 0x0000000075898000 	C:\Program Files\Java\jre7\bin\java.dll
0x0000000075850000 - 0x0000000075865000 	C:\Program Files\Java\jre7\bin\zip.dll

VM Arguments:
jvm_args: -Dfile.encoding=Cp1252 -Xbootclasspath:G:\Downloads\adt-bundle-windows-x86_64-20131030\sdk\platforms\android-19\android.jar 
java_command: org.eclipse.jdt.internal.junit.runner.RemoteTestRunner -version 3 -port 49777 -testLoaderClass org.eclipse.jdt.internal.junit4.runner.JUnit4TestLoader -loaderpluginname org.eclipse.jdt.junit4.runtime -classNames com.example.modroid_app.model.UserTest
Launcher Type: SUN_STANDARD

Environment Variables:
PATH=C:\windows\system32;C:\windows;C:\windows\System32\Wbem;C:\windows\System32\WindowsPowerShell\v1.0\;C:\Program Files (x86)\Windows Live\Shared;C:\Program Files (x86)\Windows Kits\8.0\Windows Performance Toolkit\;C:\Program Files\Microsoft SQL Server\110\Tools\Binn\;C:\Program Files\Java\jdk1.7.0_25\bin;C:\Program Files (x86)\CMake 2.8\bin;C:\Users\Q\1Taekyu\Gradle\gradle\bin
USERNAME=Q
OS=Windows_NT
PROCESSOR_IDENTIFIER=Intel64 Family 6 Model 58 Stepping 9, GenuineIntel



---------------  S Y S T E M  ---------------

OS: Windows 8 , 64 bit Build 9200 

CPU:total 4 (2 cores per cpu, 2 threads per core) family 6 model 58 stepping 9, cmov, cx8, fxsr, mmx, sse, sse2, sse3, ssse3, sse4.1, sse4.2, popcnt, avx, ht, tsc, tscinvbit, tscinv

Memory: 4k page, physical 8254740k(5583892k free), swap 9499924k(6304812k free)

vm_info: Java HotSpot(TM) 64-Bit Server VM (23.25-b01) for windows-amd64 JRE (1.7.0_25-b17), built on Jun 21 2013 12:58:32 by "java_re" with unknown MS VC++:1600

time: Sun Apr 06 11:22:46 2014
elapsed time: 0 seconds

